<?xml version="1.0" encoding="UTF-8"?>
<testng-results ignored="0" total="1" passed="1" failed="0" skipped="0">
  <reporter-output>
  </reporter-output>
  <suite started-at="2024-12-04T13:33:35 IST" name="Default suite" finished-at="2024-12-04T13:34:40 IST" duration-ms="65125">
    <groups>
    </groups>
    <test started-at="2024-12-04T13:33:35 IST" name="Default test" finished-at="2024-12-04T13:34:40 IST" duration-ms="65125">
      <class name="restApi.PostWithCsv">
        <test-method signature="createBookingFromCSV()[pri:0, instance:restApi.PostWithCsv@4d5650ae]" started-at="2024-12-04T13:33:35 IST" name="createBookingFromCSV" finished-at="2024-12-04T13:34:40 IST" duration-ms="65019" status="PASS">
          <reporter-output>
          </reporter-output>
        </test-method> <!-- createBookingFromCSV -->
      </class> <!-- restApi.PostWithCsv -->
    </test> <!-- Default test -->
  </suite> <!-- Default suite -->
</testng-results>
