<?xml version="1.0" encoding="UTF-8"?>
<testng-results ignored="0" total="2" passed="2" failed="0" skipped="0">
  <reporter-output>
  </reporter-output>
  <suite started-at="2024-12-06T11:07:03 IST" name="Default suite" finished-at="2024-12-06T11:07:25 IST" duration-ms="21819">
    <groups>
    </groups>
    <test started-at="2024-12-06T11:07:03 IST" name="Default test" finished-at="2024-12-06T11:07:25 IST" duration-ms="21819">
      <class name="test.POM_LoginOrangeHRM">
        <test-method is-config="true" signature="setUp()[pri:0, instance:test.POM_LoginOrangeHRM@26d9b808]" started-at="2024-12-06T11:07:03 IST" name="setUp" finished-at="2024-12-06T11:07:12 IST" duration-ms="8319" status="PASS">
          <reporter-output>
          </reporter-output>
        </test-method> <!-- setUp -->
        <test-method signature="testInvalidLogin()[pri:0, instance:test.POM_LoginOrangeHRM@26d9b808]" started-at="2024-12-06T11:07:12 IST" name="testInvalidLogin" finished-at="2024-12-06T11:07:15 IST" duration-ms="3222" status="PASS">
          <reporter-output>
          </reporter-output>
        </test-method> <!-- testInvalidLogin -->
        <test-method is-config="true" signature="tearDown()[pri:0, instance:test.POM_LoginOrangeHRM@26d9b808]" started-at="2024-12-06T11:07:15 IST" name="tearDown" finished-at="2024-12-06T11:07:15 IST" duration-ms="366" status="PASS">
          <reporter-output>
          </reporter-output>
        </test-method> <!-- tearDown -->
        <test-method is-config="true" signature="setUp()[pri:0, instance:test.POM_LoginOrangeHRM@26d9b808]" started-at="2024-12-06T11:07:15 IST" name="setUp" finished-at="2024-12-06T11:07:22 IST" duration-ms="6573" status="PASS">
          <reporter-output>
          </reporter-output>
        </test-method> <!-- setUp -->
        <test-method signature="testValidLogin()[pri:0, instance:test.POM_LoginOrangeHRM@26d9b808]" started-at="2024-12-06T11:07:22 IST" name="testValidLogin" finished-at="2024-12-06T11:07:25 IST" duration-ms="2854" status="PASS">
          <reporter-output>
          </reporter-output>
        </test-method> <!-- testValidLogin -->
        <test-method is-config="true" signature="tearDown()[pri:0, instance:test.POM_LoginOrangeHRM@26d9b808]" started-at="2024-12-06T11:07:25 IST" name="tearDown" finished-at="2024-12-06T11:07:25 IST" duration-ms="377" status="PASS">
          <reporter-output>
          </reporter-output>
        </test-method> <!-- tearDown -->
      </class> <!-- test.POM_LoginOrangeHRM -->
    </test> <!-- Default test -->
  </suite> <!-- Default suite -->
</testng-results>
